<?xml version="1.0" encoding="UTF-8"?>
<!-- Generated by org.testng.reporters.JUnitReportReporter -->
<testsuite hostname="Shanmathi" failures="0" tests="1" name="runner8.TestRunner8" time="51.380" errors="0" timestamp="2025-03-07T17:11:17 IST" skipped="0">
  <testcase classname="runner8.TestRunner8" name="runScenario" time="51.380"/>
  <system-out/>
</testsuite> <!-- runner8.TestRunner8 -->
